[14:25:23] Processing file C:\Users\sveinols\NYPAModelTransformation\NYPAModelTransformation\ModelTransf-Tool\Prototype\examples\icelandic\Iceland_modified.dyr
[14:25:23] Processing 1011,1...
[14:25:23] GetEXST1
=========================================== System.NotImplementedException =============================================
The EXST1 model is currently not implemented
Source     : CIMdbNET
StackTrace :    at PTI.CIMdbNET.Dynamics.DynamicsCIM16.Import(String dyrFileName, CancellationToken token)
========================================================================================================================

[14:25:23] Processing 1011,2...
[14:25:23] GetEXST1
=========================================== System.NotImplementedException =============================================
The EXST1 model is currently not implemented
Source     : CIMdbNET
StackTrace :    at PTI.CIMdbNET.Dynamics.DynamicsCIM16.Import(String dyrFileName, CancellationToken token)
========================================================================================================================

[14:25:23] Processing 1012,1...
[14:25:23] GetEXST1
=========================================== System.NotImplementedException =============================================
The EXST1 model is currently not implemented
Source     : CIMdbNET
StackTrace :    at PTI.CIMdbNET.Dynamics.DynamicsCIM16.Import(String dyrFileName, CancellationToken token)
========================================================================================================================

[14:25:23] Processing 1012,2...
[14:25:23] GetEXST1
=========================================== System.NotImplementedException =============================================
The EXST1 model is currently not implemented
Source     : CIMdbNET
StackTrace :    at PTI.CIMdbNET.Dynamics.DynamicsCIM16.Import(String dyrFileName, CancellationToken token)
========================================================================================================================

[14:25:23] Processing 1013,1...
[14:25:23] GetEXST1
=========================================== System.NotImplementedException =============================================
The EXST1 model is currently not implemented
Source     : CIMdbNET
StackTrace :    at PTI.CIMdbNET.Dynamics.DynamicsCIM16.Import(String dyrFileName, CancellationToken token)
========================================================================================================================

[14:25:23] Processing 1013,2...
[14:25:23] GetEXST1
=========================================== System.NotImplementedException =============================================
The EXST1 model is currently not implemented
Source     : CIMdbNET
StackTrace :    at PTI.CIMdbNET.Dynamics.DynamicsCIM16.Import(String dyrFileName, CancellationToken token)
========================================================================================================================

[14:25:23] Processing 1021,1...
[14:25:23] Processing 1022,1...
[14:25:23] Processing 1023,1...
[14:25:23] Processing 1031,1...
[14:25:23] Processing 1032,1...
[14:25:23] Processing 1033,1...
[14:25:23] Processing 1041,1...
[14:25:23] Processing 1042,1...
[14:25:23] Processing 1051,1...
[14:25:23] Processing 1052,1...
[14:25:23] Processing 1061,1...
[14:25:23] Processing 1062,1...
[14:25:23] Processing 1111,1...
[14:25:23] Processing 1112,1...
[14:25:23] Processing 1113,1...
[14:25:23] Processing 1121,1...
[14:25:23] Processing 1122,1...
[14:25:23] Processing 1131,1...
[14:25:23] Processing 1131,2...
[14:25:23] Processing 1131,3...
[14:25:23] Processing 1141,1...
[14:25:23] Processing 1142,1...
[14:25:23] Processing 1143,1...
[14:25:23] Processing 1144,1...
[14:25:23] Processing 1145,1...
[14:25:23] Processing 1146,1...
[14:25:23] Processing 1147,1...
[14:25:23] Error invoking GetIEEEG1
============================================== System.ArgumentException ================================================
Invalid parameter list for model IEEEG1 (23 required, 25 given)
Source     : CIMdbNET
StackTrace :    at PTI.CIMdbNET.Dynamics.Dynamics.InvalidParameterListError(String modelName, Int32 given, Int32 required)
   at PTI.CIMdbNET.Dynamics.DynamicsCIM16.GetIEEEG1(Guid id, String[] parameters)
========================================================================================================================

[14:25:23] Processing 1201,1...
[14:25:23] Processing 1202,1...
[14:25:23] Processing 1203,1...
[14:25:23] Processing 1204,1...
[14:25:23] Processing 2302,1...
[14:25:23] Processing 2332,1...
[14:25:23] Processing 2333,1...
[14:25:23] Processing 2336,1...
[14:25:23] Processing 3170,1...
[14:25:23] Processing 3303,1...
[14:25:23] Processing 3304,2...
[14:25:23] Processing 3304,1...
[14:25:23] The HYGOV model on bus 3304 has an unknown parent with a type of SynchronousMachineDynamics
[14:25:23] Processing 4031,1...
[14:25:23] Processing 4032,1...
[14:25:23] Processing 4033,1...
[14:25:23] Processing 4061,1...
[14:25:23] Processing 4062,1...
[14:25:23] Processing 4101,1...
[14:25:23] Processing 4105,1...
[14:25:23] Processing 5061,1...
[14:25:23] Processing 5062,1...
[14:25:23] Processing 5063,1...
[14:25:23] Processing 5064,1...
[14:25:23] Processing 5065,1...
[14:25:23] Processing 5066,1...
[14:25:23] Processing 5201,1...
[14:25:23] Processing 5202,1...
[14:25:23] Processing 5105,1...
[14:25:23] Processing 5106,1...
[14:25:23] 
========== Processing Iceland_modified_DY.xml ==========
Header ID   : urn:uuid:e34a5bcf-e179-11eb-a668-74e5f963e191
Created     : 2021-07-10T12:25:23
Warning: md:Model.version is not found or cannot be parsed.
Profile     : http://entsoe.eu/CIM/Dynamics/3/1
========================================================

[14:25:23] User STATNETT\sveinols (1) connected to [Iceland_modified_PF_solved] (CIM16v28) on SQL Server 14.0.1000.169 (RTM) Developer Edition (64-bit) on SN10767
[14:25:23] Processing file C:\Users\sveinols\AppData\Local\PTI\ODMS\temp\e34a5bd0-e179-11eb-a668-74e5f963e191\Iceland_modified_DY.xml on 07/10/2021 14:25:23
[14:25:23] No config file found, performing standard import
[14:25:23] Indexed 297 fragments in 0 minutes and 0 seconds
[14:25:23] Performing pre-import operations...
[14:25:23] Using export configuration file configCIM16v28ExSQL.xml
[14:25:23] A ModelingAuthoritySet contains a missing or invalid Uri but contains profiles other than Topology or StateVariables. Skipping pre-import stage for Dynamics...
[14:25:24] 
[14:25:24] Importing class cim:ExcAC1A                                        (     4 instances)
[14:25:24] Importing class cim:ExcAC2A                                        (     2 instances)
[14:25:24] Importing class cim:ExcIEEEAC1A                                    (     7 instances)
[14:25:24] Importing class cim:ExcIEEEDC2A                                    (     7 instances)
[14:25:24] Importing class cim:ExcIEEEST1A                                    (     3 instances)
[14:25:24] Importing class cim:ExcitationSystemUserDefined                    (     9 instances)
[14:25:24] Importing class cim:ExcSCRX                                        (     2 instances)
[14:25:24] Importing class cim:ExcSEXS                                        (    18 instances)
[14:25:24] Importing class cim:GovCT1                                         (     8 instances)
[14:25:24] Importing class cim:GovHydro1                                      (    34 instances)
[14:25:24] Could not parse float value 53,3 - setting to 0.0...
[14:25:24] Could not parse float value 53,3 - setting to 0.0...
[14:25:24] Could not parse float value 53,3 - setting to 0.0...
[14:25:24] Could not parse float value 53,3 - setting to 0.0...
[14:25:24] Could not parse float value 53,3 - setting to 0.0...
[14:25:24] Could not parse float value 53,3 - setting to 0.0...
[14:25:24] Could not parse float value 81,5 - setting to 0.0...
[14:25:24] Could not parse float value 81,5 - setting to 0.0...
[14:25:24] Could not parse float value 81,5 - setting to 0.0...
[14:25:24] Could not parse float value 53,3 - setting to 0.0...
[14:25:24] Could not parse float value 53,3 - setting to 0.0...
[14:25:24] Could not parse float value 19,4 - setting to 0.0...
[14:25:24] Could not parse float value 19,4 - setting to 0.0...
[14:25:24] Could not parse float value 16,5 - setting to 0.0...
[14:25:24] Could not parse float value 16,5 - setting to 0.0...
[14:25:24] Could not parse float value 5,5 - setting to 0.0...
[14:25:24] Could not parse float value 5,5 - setting to 0.0...
[14:25:24] Could not parse float value 7,2 - setting to 0.0...
[14:25:24] Could not parse float value 2,54 - setting to 0.0...
[14:25:24] Could not parse float value 7,5 - setting to 0.0...
[14:25:24] Could not parse float value 3,8 - setting to 0.0...
[14:25:24] Importing class cim:GovSteam0                                      (    14 instances)
[14:25:24] Could not parse float value 37,5 - setting to 0.0...
[14:25:24] Could not parse float value 37,5 - setting to 0.0...
[14:25:24] Importing class cim:GovSteamSGO                                    (     2 instances)
[14:25:24] Importing class cim:ProprietaryParameterDynamics                   (   126 instances)
[14:25:24] Importing class cim:SynchronousMachineTimeConstantReactance        (    61 instances)
[14:25:24] Performing post import operations...
[14:25:27] Import completed successfully
