Processing file C:\utv\NYPAModelTransformation-master2\ModelTransf-Tool\Prototype\examples\nordic-44\N44_BC_new.dyr
========== Processing N44_BC_new_DY.xml ==========
Header ID   : urn:uuid:2a551fc6-6d0d-11eb-a65a-74e5f963e191
Created     : 2021-02-12T08:34:53
Warning: md:Model.version is not found or cannot be parsed.
Profile     : http://entsoe.eu/CIM/Dynamics/3/1
==================================================

09:34:53 : User STATNETT\sveinols (1) connected to [N44_BC] (CIM16v28) on SQL Server 14.0.1000.169 (RTM) Developer Edition (64-bit) on SN10767
09:34:54 : User STATNETT\sveinols (1) connected to [N44_BC] (CIM16v28) on SQL Server 14.0.1000.169 (RTM) Developer Edition (64-bit) on SN10767
09:34:54 : Performing pre-import operations...
Warning: The model does not contain ModelingAuthoritySets or recognized Models.  Skipping pre-import operations.
Information: No config file found, performing standard import
Processing file C:\Users\sveinols\AppData\Local\PTI\ODMS\temp\2a551fc7-6d0d-11eb-a65a-74e5f963e191\N44_BC_new_DY.xml on 12.02.2021 09:34:54
Indexed 717 fragments in 0 minutes and 0 seconds
09:34:54 : Importing class cim:ExcIEEEAC2A                                    (    12 instances)
09:34:54 : Importing class cim:ExcSCRX                                        (    54 instances)
09:34:54 : Importing class cim:ExcSEXS                                        (    14 instances)
09:34:54 : Importing class cim:GovHydro1                                      (    50 instances)
09:34:54 : Importing class cim:GovSteamSGO                                    (    30 instances)
09:34:54 : Importing class cim:PowerSystemStabilizerUserDefined               (    53 instances)
09:34:54 : Importing class cim:ProprietaryParameterDynamics                   (   424 instances)
09:34:54 : Importing class cim:SynchronousMachineTimeConstantReactance        (    80 instances)
09:34:55 : Performing post import operations...

09:34:58 : Import completed successfully
